0 info it worked if it ends with ok
1 verbose cli [ 'node', '/usr/local/bin/npm', 'uninstall', 'jitsu', '-g' ]
2 info using npm@1.4.28
3 info using node@v0.10.34
4 verbose lib/node_modules/jitsu unbuild
5 info preuninstall jitsu@0.15.0
6 info uninstall jitsu@0.15.0
7 verbose true,/usr/local/lib/node_modules,/usr/local/lib/node_modules unbuild jitsu@0.15.0
8 verbose /usr/local/bin,[object Object] binRoot
9 error Error: EACCES, unlink '/usr/local/bin/jitsu'
9 error  { [Error: EACCES, unlink '/usr/local/bin/jitsu'] errno: 3, code: 'EACCES', path: '/usr/local/bin/jitsu' }
10 error Please try running this command again as root/Administrator.
11 error System Darwin 14.1.0
12 error command "node" "/usr/local/bin/npm" "uninstall" "jitsu" "-g"
13 error cwd /Users/Chinedum/Documents/Development/Mini-Projects/Musical Boxes
14 error node -v v0.10.34
15 error npm -v 1.4.28
16 error path /usr/local/bin/jitsu
17 error code EACCES
18 error errno 3
19 error stack Error: EACCES, unlink '/usr/local/bin/jitsu'
20 verbose exit [ 3, true ]
